<?xml version="1.0" encoding="UTF-8"?>
<testsuite xmlns:xsi="http://www.w3.org/2001/XMLSchema-instance" xsi:noNamespaceSchemaLocation="https://maven.apache.org/surefire/maven-surefire-plugin/xsd/surefire-test-report-3.0.xsd" version="3.0" name="adt.bst.StudentBSTTest" time="0.101" tests="42" errors="0" skipped="0" failures="0">
  <properties>
    <property name="java.specification.version" value="17"/>
    <property name="sun.jnu.encoding" value="UTF-8"/>
    <property name="java.class.path" value="/home/marcos/Área de Trabalho/R11-01-Rot-BST-environment/target/test-classes:/home/marcos/Área de Trabalho/R11-01-Rot-BST-environment/target/classes:/home/marcos/.m2/repository/junit/junit/4.13.1/junit-4.13.1.jar:/home/marcos/.m2/repository/org/hamcrest/hamcrest-core/1.3/hamcrest-core-1.3.jar:"/>
    <property name="java.vm.vendor" value="Private Build"/>
    <property name="sun.arch.data.model" value="64"/>
    <property name="java.vendor.url" value="Unknown"/>
    <property name="os.name" value="Linux"/>
    <property name="java.vm.specification.version" value="17"/>
    <property name="sun.java.launcher" value="SUN_STANDARD"/>
    <property name="user.country" value="BR"/>
    <property name="sun.boot.library.path" value="/usr/lib/jvm/java-17-openjdk-amd64/lib"/>
    <property name="sun.java.command" value="/home/marcos/Área de Trabalho/R11-01-Rot-BST-environment/target/surefire/surefirebooter-20231010191200059_3.jar /home/marcos/Área de Trabalho/R11-01-Rot-BST-environment/target/surefire 2023-10-10T19-11-59_953-jvmRun1 surefire-20231010191200059_1tmp surefire_0-20231010191200059_2tmp"/>
    <property name="jdk.debug" value="release"/>
    <property name="surefire.test.class.path" value="/home/marcos/Área de Trabalho/R11-01-Rot-BST-environment/target/test-classes:/home/marcos/Área de Trabalho/R11-01-Rot-BST-environment/target/classes:/home/marcos/.m2/repository/junit/junit/4.13.1/junit-4.13.1.jar:/home/marcos/.m2/repository/org/hamcrest/hamcrest-core/1.3/hamcrest-core-1.3.jar:"/>
    <property name="sun.cpu.endian" value="little"/>
    <property name="user.home" value="/home/marcos"/>
    <property name="user.language" value="pt"/>
    <property name="java.specification.vendor" value="Oracle Corporation"/>
    <property name="java.version.date" value="2023-04-18"/>
    <property name="java.home" value="/usr/lib/jvm/java-17-openjdk-amd64"/>
    <property name="file.separator" value="/"/>
    <property name="basedir" value="/home/marcos/Área de Trabalho/R11-01-Rot-BST-environment"/>
    <property name="java.vm.compressedOopsMode" value="32-bit"/>
    <property name="line.separator" value="&#10;"/>
    <property name="java.vm.specification.vendor" value="Oracle Corporation"/>
    <property name="java.specification.name" value="Java Platform API Specification"/>
    <property name="surefire.real.class.path" value="/home/marcos/Área de Trabalho/R11-01-Rot-BST-environment/target/surefire/surefirebooter-20231010191200059_3.jar"/>
    <property name="sun.management.compiler" value="HotSpot 64-Bit Tiered Compilers"/>
    <property name="java.runtime.version" value="17.0.7+7-Ubuntu-0ubuntu122.04.2"/>
    <property name="user.name" value="marcos"/>
    <property name="path.separator" value=":"/>
    <property name="os.version" value="5.15.0-76-generic"/>
    <property name="java.runtime.name" value="OpenJDK Runtime Environment"/>
    <property name="file.encoding" value="UTF-8"/>
    <property name="java.vm.name" value="OpenJDK 64-Bit Server VM"/>
    <property name="localRepository" value="/home/marcos/.m2/repository"/>
    <property name="java.vendor.url.bug" value="Unknown"/>
    <property name="java.io.tmpdir" value="/tmp"/>
    <property name="java.version" value="17.0.7"/>
    <property name="user.dir" value="/home/marcos/Área de Trabalho/R11-01-Rot-BST-environment"/>
    <property name="os.arch" value="amd64"/>
    <property name="java.vm.specification.name" value="Java Virtual Machine Specification"/>
    <property name="native.encoding" value="UTF-8"/>
    <property name="java.library.path" value="/usr/java/packages/lib:/usr/lib/x86_64-linux-gnu/jni:/lib/x86_64-linux-gnu:/usr/lib/x86_64-linux-gnu:/usr/lib/jni:/lib:/usr/lib"/>
    <property name="java.vm.info" value="mixed mode, sharing"/>
    <property name="java.vendor" value="Private Build"/>
    <property name="java.vm.version" value="17.0.7+7-Ubuntu-0ubuntu122.04.2"/>
    <property name="sun.io.unicode.encoding" value="UnicodeLittle"/>
    <property name="java.class.version" value="61.0"/>
  </properties>
  <testcase name="testGetPreOrderTreeWithElements" classname="adt.bst.StudentBSTTest" time="0.004"/>
  <testcase name="testSearchTreeEmpty" classname="adt.bst.StudentBSTTest" time="0.0"/>
  <testcase name="testGetOrderTreeEmpty" classname="adt.bst.StudentBSTTest" time="0.0"/>
  <testcase name="testGetPredecessorElementNotInTree" classname="adt.bst.StudentBSTTest" time="0.0"/>
  <testcase name="testGetSucessorTreeEmpty" classname="adt.bst.StudentBSTTest" time="0.0"/>
  <testcase name="testGetHeightOneElement" classname="adt.bst.StudentBSTTest" time="0.0"/>
  <testcase name="testSucessorPredecessor" classname="adt.bst.StudentBSTTest" time="0.001"/>
  <testcase name="testGetMinimumOneElement" classname="adt.bst.StudentBSTTest" time="0.001"/>
  <testcase name="testGetHeightTreeEmpty" classname="adt.bst.StudentBSTTest" time="0.0"/>
  <testcase name="testInit" classname="adt.bst.StudentBSTTest" time="0.001"/>
  <testcase name="testSize" classname="adt.bst.StudentBSTTest" time="0.0"/>
  <testcase name="testGetPredecessorElementHasNotPredecessor" classname="adt.bst.StudentBSTTest" time="0.001"/>
  <testcase name="testGetOrderTreeOneElement" classname="adt.bst.StudentBSTTest" time="0.0"/>
  <testcase name="testGetPreOrderTreeOneElement" classname="adt.bst.StudentBSTTest" time="0.0"/>
  <testcase name="testGetRootTreeEmpty" classname="adt.bst.StudentBSTTest" time="0.0"/>
  <testcase name="testGetPostOrderTreeWithElements" classname="adt.bst.StudentBSTTest" time="0.002"/>
  <testcase name="testGetMinimumTreeEmpty" classname="adt.bst.StudentBSTTest" time="0.0"/>
  <testcase name="testGetHeightTreeWithElements" classname="adt.bst.StudentBSTTest" time="0.001"/>
  <testcase name="testGetSucessorElementHasNotSucessor" classname="adt.bst.StudentBSTTest" time="0.0"/>
  <testcase name="testGetMaximumTreeEmpty" classname="adt.bst.StudentBSTTest" time="0.0"/>
  <testcase name="testGetSucessorElementWithSucessor" classname="adt.bst.StudentBSTTest" time="0.0"/>
  <testcase name="testFirstInsertion" classname="adt.bst.StudentBSTTest" time="0.0"/>
  <testcase name="testGetSucessorElementNotInTree" classname="adt.bst.StudentBSTTest" time="0.0"/>
  <testcase name="testGetPredecessorTreeEmpty" classname="adt.bst.StudentBSTTest" time="0.0"/>
  <testcase name="testGetSucessorElementWithSucessorParent" classname="adt.bst.StudentBSTTest" time="0.0"/>
  <testcase name="testGetPostOrderTreeEmpty" classname="adt.bst.StudentBSTTest" time="0.0"/>
  <testcase name="testGetPreOrderTreeEmpty" classname="adt.bst.StudentBSTTest" time="0.0"/>
  <testcase name="testSearchWithElements" classname="adt.bst.StudentBSTTest" time="0.0"/>
  <testcase name="testGetMaximumOneElement" classname="adt.bst.StudentBSTTest" time="0.0"/>
  <testcase name="testSearchWithElementsNotFound" classname="adt.bst.StudentBSTTest" time="0.0"/>
  <testcase name="testGetPredecessorElementWithPredecessor" classname="adt.bst.StudentBSTTest" time="0.0"/>
  <testcase name="testGetPredecessorElementWithPredecessorParent" classname="adt.bst.StudentBSTTest" time="0.0"/>
  <testcase name="testGetSucessorOneElement" classname="adt.bst.StudentBSTTest" time="0.0"/>
  <testcase name="testGetOrderTreeWithElements" classname="adt.bst.StudentBSTTest" time="0.0"/>
  <testcase name="testHeight" classname="adt.bst.StudentBSTTest" time="0.0"/>
  <testcase name="testMinMax" classname="adt.bst.StudentBSTTest" time="0.0"/>
  <testcase name="testGetMinimumWithElements" classname="adt.bst.StudentBSTTest" time="0.003"/>
  <testcase name="testGetMaximumWithElements" classname="adt.bst.StudentBSTTest" time="0.0"/>
  <testcase name="testRemove" classname="adt.bst.StudentBSTTest" time="0.0"/>
  <testcase name="testSearch" classname="adt.bst.StudentBSTTest" time="0.0"/>
  <testcase name="testGetPredecessorOneElement" classname="adt.bst.StudentBSTTest" time="0.0"/>
  <testcase name="testGetPostOrderTreeOneElement" classname="adt.bst.StudentBSTTest" time="0.0"/>
</testsuite>